

*******************************************************************************
Thu Oct 31 14:25:15 2013


FIT:    data read from "robi_wheeldat_left_p80_i9000.txt" u 1:2
        #datapoints = 99
        residuals are weighted equally (unit weight)

function used for fitting: f(x)
fitted parameters initialized with current variable values



 Iteration 0
 WSSR        : 3.21263           delta(WSSR)/WSSR   : 0
 delta(WSSR) : 0                 limit for stopping : 1e-05
 lambda	  : 1

initial set of free parameter values

mean_y          = 1

After 3 iterations the fit converged.
final sum of squares of residuals : 2.49122
rel. change during last iteration : -2.95202e-13

degrees of freedom    (FIT_NDF)                        : 98
rms of residuals      (FIT_STDFIT) = sqrt(WSSR/ndf)    : 0.159438
variance of residuals (reduced chisquare) = WSSR/ndf   : 0.0254206

Final set of parameters            Asymptotic Standard Error
=======================            ==========================

mean_y          = 0.914636         +/- 0.01602      (1.752%)


correlation matrix of the fit parameters:

               mean_y 
mean_y          1.000 
